Flutter crash report.
Please report a bug at https://github.com/flutter/flutter/issues.

## command

flutter run -d chrome

## exception

StateError: Bad state: No context with the running Dart application.

```
#0      RemoteDebuggerExecutionContext.id (package:dwds/src/debugging/execution_context.dart:46:7)
<asynchronous suspension>
#1      AppInspector.contextId (package:dwds/src/debugging/inspector.dart:149:51)
#2      LibraryHelper.libraryRefs (package:dwds/src/debugging/libraries.dart:38:36)
#3      AppInspector._initialize (package:dwds/src/debugging/inspector.dart:85:41)
#4      AppInspector.initialize (package:dwds/src/debugging/inspector.dart:145:24)
#5      ChromeProxyService.createIsolate (package:dwds/src/services/chrome_proxy_service.dart:166:37)
<asynchronous suspension>
#6      ChromeProxyService.create (package:dwds/src/services/chrome_proxy_service.dart:134:23)
#7      DebugService.start (package:dwds/src/services/debug_service.dart:140:55)
#8      DevHandler._startLocalDebugService (package:dwds/src/handlers/dev_handler.dart:152:25)
#9      _rootRunUnary (dart:async/zone.dart:1192:38)
#10     _CustomZone.runUnary (dart:async/zone.dart:1085:19)
#11     _FutureListener.handleValue (dart:async/future_impl.dart:141:18)
#12     Future._propagateToListeners.handleValueCallback (dart:async/future_impl.dart:686:45)
#13     Future._propagateToListeners (dart:async/future_impl.dart:715:32)
#14     Future._completeWithValue (dart:async/future_impl.dart:526:5)
#15     Future._asyncCompleteWithValue.<anonymous closure> (dart:async/future_impl.dart:560:7)
#16     _rootRun (dart:async/zone.dart:1184:13)
#17     _CustomZone.run (dart:async/zone.dart:1077:19)
#18     _CustomZone.runGuarded (dart:async/zone.dart:979:7)
#19     _CustomZone.bindCallbackGuarded.<anonymous closure> (dart:async/zone.dart:1019:23)
#20     _microtaskLoop (dart:async/schedule_microtask.dart:43:21)
#21     _startMicrotaskLoop (dart:async/schedule_microtask.dart:52:5)
#22     _runPendingImmediateCallback (dart:isolate-patch/isolate_patch.dart:118:13)
#23     _RawReceivePortImpl._handleMessage (dart:isolate-patch/isolate_patch.dart:169:5)
```

## flutter doctor

```
[✓] Flutter (Channel master, 1.18.0-9.0.pre.92, on Mac OS X 10.13.6 17G11023, locale en-IN)
    • Flutter version 1.18.0-9.0.pre.92 at /Users/saichandradande/flutter
    • Framework revision 040fcb4544 (3 hours ago), 2020-05-02 03:54:01 -0400
    • Engine revision edf65e2861
    • Dart version 2.9.0 (build 2.9.0-5.0.dev eca696c026)

[!] Android toolchain - develop for Android devices (Android SDK version 28.0.3)
    • Android SDK at /Users/saichandradande/Library/Android/sdk
    • Platform android-28, build-tools 28.0.3
    • Java binary at: /Applications/Android Studio.app/Contents/jre/jdk/Contents/Home/bin/java
    • Java version OpenJDK Runtime Environment (build 1.8.0_212-release-1586-b4-5784211)
    ! Some Android licenses not accepted.  To resolve this, run: flutter doctor
      --android-licenses

[!] Xcode - develop for iOS and macOS
    ✗ Xcode installation is incomplete; a full installation is necessary for iOS development.
      Download at: https://developer.apple.com/xcode/download/
      Or install Xcode via the App Store.
      Once installed, run:
        sudo xcode-select --switch /Applications/Xcode.app/Contents/Developer
        sudo xcodebuild -runFirstLaunch
    • CocoaPods version 1.8.3

[✓] Chrome - develop for the web
    • Chrome at /Applications/Google Chrome.app/Contents/MacOS/Google Chrome

[✓] Android Studio (version 3.6)
    • Android Studio at /Applications/Android Studio.app/Contents
    • Flutter plugin version 44.0.2
    • Dart plugin version 192.7761
    • Java version OpenJDK Runtime Environment (build 1.8.0_212-release-1586-b4-5784211)

[✓] VS Code (version 1.44.2)
    • VS Code at /Applications/Visual Studio Code.app/Contents
    • Flutter extension version 3.10.0

[✓] Connected device (2 available)
    • Web Server • web-server • web-javascript • Flutter Tools
    • Chrome     • chrome     • web-javascript • Google Chrome 81.0.4044.129

! Doctor found issues in 2 categories.
```
